[2024-10-17 16:11:25,612: INFO: common: yaml file: config/config.yaml loaded successfully]
[2024-10-17 16:11:25,615: INFO: common: yaml file: params.yaml loaded successfully]
[2024-10-17 16:11:25,615: INFO: common: created directory at: artifacts]
[2024-10-17 16:11:25,616: INFO: common: created directory at: artifacts/data_ingestion]
[2024-10-17 16:11:25,617: INFO: 3172177572: Downloading data from https://drive.google.com/file/d/1vlhZ5c7abUKF8xXERIw6m9Te8fW7ohw3/view?usp=sharing into file artifacts/data_ingestion/data.zip]
[2024-10-17 16:11:38,307: INFO: 3172177572: Downloaded data from https://drive.google.com/file/d/1vlhZ5c7abUKF8xXERIw6m9Te8fW7ohw3/view?usp=sharing into file artifacts/data_ingestion/data.zip]
[2024-10-17 16:18:29,371: INFO: common: yaml file: config/config.yaml loaded successfully]
[2024-10-17 16:18:29,375: INFO: common: yaml file: params.yaml loaded successfully]
[2024-10-17 16:18:29,376: INFO: common: created directory at: artifacts]
[2024-10-17 16:18:29,377: INFO: common: created directory at: artifacts/data_ingestion]
[2024-10-17 16:18:29,378: INFO: 3172177572: Downloading data from https://drive.google.com/file/d/1MQbfVYHme05chu4E0TpnpDxMAcfoQYQa/view?usp=sharing into file artifacts/data_ingestion/data.zip]
[2024-10-17 16:19:59,287: INFO: 3172177572: Downloaded data from https://drive.google.com/file/d/1MQbfVYHme05chu4E0TpnpDxMAcfoQYQa/view?usp=sharing into file artifacts/data_ingestion/data.zip]
[2024-10-17 16:55:25,067: INFO: common: yaml file: config/config.yaml loaded successfully]
[2024-10-17 16:55:25,071: INFO: common: yaml file: params.yaml loaded successfully]
[2024-10-17 16:55:25,072: INFO: common: created directory at: artifacts]
[2024-10-17 16:55:25,073: INFO: common: created directory at: artifacts/data_ingestion]
[2024-10-17 16:55:25,074: INFO: 3172177572: Downloading data from https://drive.google.com/file/d/1MQbfVYHme05chu4E0TpnpDxMAcfoQYQa/view?usp=sharing into file artifacts/data_ingestion/data.zip]
[2024-10-17 16:56:53,757: INFO: 3172177572: Downloaded data from https://drive.google.com/file/d/1MQbfVYHme05chu4E0TpnpDxMAcfoQYQa/view?usp=sharing into file artifacts/data_ingestion/data.zip]
[2024-10-17 17:04:07,016: INFO: common: yaml file: config/config.yaml loaded successfully]
[2024-10-17 17:04:07,020: INFO: common: yaml file: params.yaml loaded successfully]
[2024-10-17 17:04:07,022: INFO: common: created directory at: artifacts]
[2024-10-17 17:04:07,024: INFO: common: created directory at: artifacts/training]
[2024-10-17 17:04:15,442: INFO: common: yaml file: config/config.yaml loaded successfully]
[2024-10-17 17:04:15,444: INFO: common: yaml file: params.yaml loaded successfully]
[2024-10-17 17:04:15,445: INFO: common: created directory at: artifacts]
[2024-10-17 17:04:15,446: INFO: common: created directory at: artifacts/training]
[2024-10-17 17:06:06,836: INFO: common: yaml file: config/config.yaml loaded successfully]
[2024-10-17 17:06:06,841: INFO: common: yaml file: params.yaml loaded successfully]
[2024-10-17 17:06:06,842: INFO: common: created directory at: artifacts]
[2024-10-17 17:06:06,843: INFO: common: created directory at: artifacts/training]
[2024-10-17 17:07:20,731: INFO: common: yaml file: config/config.yaml loaded successfully]
[2024-10-17 17:07:20,739: INFO: common: yaml file: params.yaml loaded successfully]
[2024-10-17 17:07:20,740: INFO: common: created directory at: artifacts]
[2024-10-17 17:12:10,056: INFO: common: yaml file: config/config.yaml loaded successfully]
[2024-10-17 17:12:10,061: INFO: common: yaml file: params.yaml loaded successfully]
[2024-10-17 17:12:10,064: INFO: common: created directory at: artifacts]
[2024-10-17 17:12:10,067: INFO: common: created directory at: artifacts/training]
[2024-10-17 17:14:22,939: INFO: common: yaml file: config/config.yaml loaded successfully]
[2024-10-17 17:14:22,943: INFO: common: yaml file: params.yaml loaded successfully]
[2024-10-17 17:14:22,944: INFO: common: created directory at: artifacts]
[2024-10-17 17:14:22,945: INFO: common: created directory at: artifacts/training]
[2024-10-17 17:16:21,975: INFO: common: yaml file: config/config.yaml loaded successfully]
[2024-10-17 17:16:21,979: INFO: common: yaml file: params.yaml loaded successfully]
[2024-10-17 17:16:21,980: INFO: common: created directory at: artifacts]
[2024-10-17 17:16:21,980: INFO: common: created directory at: artifacts/prepare_base_model]
[2024-10-17 17:16:43,768: INFO: common: yaml file: config/config.yaml loaded successfully]
[2024-10-17 17:16:43,771: INFO: common: yaml file: params.yaml loaded successfully]
[2024-10-17 17:16:43,772: INFO: common: created directory at: artifacts]
[2024-10-17 17:16:43,773: INFO: common: created directory at: artifacts/data_ingestion]
[2024-10-17 17:16:43,774: INFO: 3172177572: Downloading data from https://drive.google.com/file/d/1MQbfVYHme05chu4E0TpnpDxMAcfoQYQa/view?usp=sharing into file artifacts/data_ingestion/data.zip]
[2024-10-17 17:18:13,114: INFO: 3172177572: Downloaded data from https://drive.google.com/file/d/1MQbfVYHme05chu4E0TpnpDxMAcfoQYQa/view?usp=sharing into file artifacts/data_ingestion/data.zip]
[2024-10-17 17:20:36,634: INFO: common: yaml file: config/config.yaml loaded successfully]
[2024-10-17 17:20:36,637: INFO: common: yaml file: params.yaml loaded successfully]
[2024-10-17 17:20:36,638: INFO: common: created directory at: artifacts]
[2024-10-17 17:20:36,639: INFO: common: created directory at: artifacts/prepare_base_model]
[2024-10-17 17:20:37,078: WARNING: saving_utils: Compiled the loaded model, but the compiled metrics have yet to be built. `model.compile_metrics` will be empty until you train or evaluate the model.]
[2024-10-17 17:20:37,165: WARNING: optimizer: At this time, the v2.11+ optimizer `tf.keras.optimizers.SGD` runs slowly on M1/M2 Macs, please use the legacy Keras optimizer instead, located at `tf.keras.optimizers.legacy.SGD`.]
[2024-10-17 17:20:37,168: WARNING: __init__: There is a known slowdown when using v2.11+ Keras optimizers on M1/M2 Macs. Falling back to the legacy Keras optimizer, i.e., `tf.keras.optimizers.legacy.SGD`.]
[2024-10-17 17:26:51,021: INFO: common: yaml file: config/config.yaml loaded successfully]
[2024-10-17 17:26:51,025: INFO: common: yaml file: params.yaml loaded successfully]
[2024-10-17 17:26:51,026: INFO: common: created directory at: artifacts]
[2024-10-17 17:26:51,027: INFO: common: created directory at: artifacts/training]
[2024-10-17 17:33:34,587: INFO: common: yaml file: config/config.yaml loaded successfully]
[2024-10-17 17:33:34,593: INFO: common: yaml file: params.yaml loaded successfully]
[2024-10-17 17:33:34,595: INFO: common: created directory at: artifacts]
[2024-10-17 17:33:34,597: INFO: common: created directory at: artifacts/training]
[2024-10-17 17:33:56,598: INFO: common: yaml file: config/config.yaml loaded successfully]
[2024-10-17 17:33:56,601: INFO: common: yaml file: params.yaml loaded successfully]
[2024-10-17 17:33:56,602: INFO: common: created directory at: artifacts]
[2024-10-17 17:33:56,603: INFO: common: created directory at: artifacts/training]
[2024-10-17 17:34:39,401: INFO: common: yaml file: config/config.yaml loaded successfully]
[2024-10-17 17:34:39,404: INFO: common: yaml file: params.yaml loaded successfully]
[2024-10-17 17:34:39,406: INFO: common: created directory at: artifacts]
[2024-10-17 17:34:39,407: INFO: common: created directory at: artifacts/training]
[2024-10-17 17:34:44,327: INFO: common: yaml file: config/config.yaml loaded successfully]
[2024-10-17 17:34:44,330: INFO: common: yaml file: params.yaml loaded successfully]
[2024-10-17 17:34:44,331: INFO: common: created directory at: artifacts]
[2024-10-17 17:34:44,332: INFO: common: created directory at: artifacts/training]
[2024-10-17 17:35:34,378: INFO: common: yaml file: config/config.yaml loaded successfully]
[2024-10-17 17:35:34,382: INFO: common: yaml file: params.yaml loaded successfully]
[2024-10-17 17:35:34,388: INFO: common: created directory at: artifacts]
[2024-10-17 17:35:34,390: INFO: common: created directory at: artifacts/training]
[2024-10-17 17:43:38,243: INFO: common: yaml file: config/config.yaml loaded successfully]
[2024-10-17 17:43:38,246: INFO: common: yaml file: params.yaml loaded successfully]
[2024-10-17 17:43:38,247: INFO: common: created directory at: artifacts]
[2024-10-17 17:43:38,247: INFO: common: created directory at: artifacts/training]
[2024-10-17 20:43:10,330: INFO: common: yaml file: config/config.yaml loaded successfully]
[2024-10-17 20:43:10,333: INFO: common: yaml file: params.yaml loaded successfully]
[2024-10-17 20:43:10,334: INFO: common: created directory at: artifacts]
[2024-10-17 20:46:05,815: INFO: common: yaml file: config/config.yaml loaded successfully]
[2024-10-17 20:46:05,818: INFO: common: yaml file: params.yaml loaded successfully]
[2024-10-17 20:46:05,818: INFO: common: created directory at: artifacts]
[2024-10-17 20:46:05,819: INFO: common: created directory at: artifacts/data_ingestion]
[2024-10-17 20:46:05,819: INFO: 3172177572: Downloading data from https://drive.google.com/file/d/1MQbfVYHme05chu4E0TpnpDxMAcfoQYQa/view?usp=sharing into file artifacts/data_ingestion/data.zip]
[2024-10-17 20:47:31,848: INFO: 3172177572: Downloaded data from https://drive.google.com/file/d/1MQbfVYHme05chu4E0TpnpDxMAcfoQYQa/view?usp=sharing into file artifacts/data_ingestion/data.zip]
[2024-10-17 20:48:24,381: INFO: common: yaml file: config/config.yaml loaded successfully]
[2024-10-17 20:48:24,384: INFO: common: yaml file: params.yaml loaded successfully]
[2024-10-17 20:48:24,385: INFO: common: created directory at: artifacts]
[2024-10-17 20:48:24,385: INFO: common: created directory at: artifacts/prepare_base_model]
[2024-10-17 20:48:24,804: WARNING: saving_utils: Compiled the loaded model, but the compiled metrics have yet to be built. `model.compile_metrics` will be empty until you train or evaluate the model.]
[2024-10-17 20:48:24,896: WARNING: optimizer: At this time, the v2.11+ optimizer `tf.keras.optimizers.SGD` runs slowly on M1/M2 Macs, please use the legacy Keras optimizer instead, located at `tf.keras.optimizers.legacy.SGD`.]
[2024-10-17 20:48:24,900: WARNING: __init__: There is a known slowdown when using v2.11+ Keras optimizers on M1/M2 Macs. Falling back to the legacy Keras optimizer, i.e., `tf.keras.optimizers.legacy.SGD`.]
[2024-10-17 21:03:03,042: INFO: common: yaml file: config/config.yaml loaded successfully]
[2024-10-17 21:03:03,047: INFO: common: yaml file: params.yaml loaded successfully]
[2024-10-17 21:03:03,048: INFO: common: created directory at: artifacts]
[2024-10-17 21:03:03,050: INFO: common: created directory at: artifacts/prepare_base_model]
[2024-10-17 21:03:03,325: WARNING: saving_utils: Compiled the loaded model, but the compiled metrics have yet to be built. `model.compile_metrics` will be empty until you train or evaluate the model.]
[2024-10-17 21:09:40,243: INFO: common: yaml file: config/config.yaml loaded successfully]
[2024-10-17 21:09:40,245: INFO: common: yaml file: params.yaml loaded successfully]
[2024-10-17 21:09:40,246: INFO: common: created directory at: artifacts]
[2024-10-17 21:09:40,247: INFO: common: created directory at: artifacts/training]
[2024-10-17 21:35:53,383: INFO: common: yaml file: config/config.yaml loaded successfully]
[2024-10-17 21:35:53,385: INFO: common: yaml file: params.yaml loaded successfully]
[2024-10-17 21:35:53,386: INFO: common: created directory at: artifacts]
[2024-10-17 21:35:53,387: INFO: common: created directory at: artifacts/prepare_base_model]
[2024-10-17 21:38:52,594: INFO: common: yaml file: config/config.yaml loaded successfully]
[2024-10-17 21:38:52,596: INFO: common: yaml file: params.yaml loaded successfully]
[2024-10-17 21:38:52,597: INFO: common: created directory at: artifacts]
[2024-10-17 21:38:52,598: INFO: common: created directory at: artifacts/training]
[2024-10-17 21:42:55,899: INFO: common: yaml file: config/config.yaml loaded successfully]
[2024-10-17 21:42:55,903: INFO: common: yaml file: params.yaml loaded successfully]
[2024-10-17 21:42:55,905: INFO: common: created directory at: artifacts]
[2024-10-17 21:42:55,906: INFO: common: created directory at: artifacts/training]
[2024-10-17 23:39:09,329: INFO: common: yaml file: config/config.yaml loaded successfully]
[2024-10-17 23:39:09,330: INFO: common: yaml file: params.yaml loaded successfully]
[2024-10-17 23:39:09,331: INFO: common: created directory at: artifacts]
[2024-10-17 23:39:09,332: INFO: common: created directory at: artifacts/training]
[2024-10-17 23:51:55,084: INFO: main: >>>>>> stage Data Ingestion stage started <<<<<<]
[2024-10-17 23:51:55,086: INFO: common: yaml file: config/config.yaml loaded successfully]
[2024-10-17 23:51:55,087: INFO: common: yaml file: params.yaml loaded successfully]
[2024-10-17 23:51:55,088: INFO: common: created directory at: artifacts]
[2024-10-17 23:51:55,088: INFO: common: created directory at: artifacts/data_ingestion]
[2024-10-17 23:51:55,088: INFO: data_ingestion: Downloading data from https://drive.google.com/file/d/1MQbfVYHme05chu4E0TpnpDxMAcfoQYQa/view?usp=sharing into file artifacts/data_ingestion/data.zip]
[2024-10-17 23:53:22,747: INFO: data_ingestion: Downloaded data from https://drive.google.com/file/d/1MQbfVYHme05chu4E0TpnpDxMAcfoQYQa/view?usp=sharing into file artifacts/data_ingestion/data.zip]
[2024-10-17 23:53:34,631: INFO: main: >>>>>> stage Data Ingestion stage completed <<<<<<

x==========x]
[2024-10-17 23:53:34,631: INFO: main: *******************]
[2024-10-17 23:53:34,631: INFO: main: >>>>>> stage Prepare base model started <<<<<<]
[2024-10-17 23:53:34,634: INFO: common: yaml file: config/config.yaml loaded successfully]
[2024-10-17 23:53:34,635: INFO: common: yaml file: params.yaml loaded successfully]
[2024-10-17 23:53:34,635: INFO: common: created directory at: artifacts]
[2024-10-17 23:53:34,635: INFO: common: created directory at: artifacts/prepare_base_model]
[2024-10-17 23:53:35,202: WARNING: saving_utils: Compiled the loaded model, but the compiled metrics have yet to be built. `model.compile_metrics` will be empty until you train or evaluate the model.]
[2024-10-17 23:53:35,347: WARNING: optimizer: At this time, the v2.11+ optimizer `tf.keras.optimizers.SGD` runs slowly on M1/M2 Macs, please use the legacy Keras optimizer instead, located at `tf.keras.optimizers.legacy.SGD`.]
[2024-10-17 23:53:35,350: WARNING: __init__: There is a known slowdown when using v2.11+ Keras optimizers on M1/M2 Macs. Falling back to the legacy Keras optimizer, i.e., `tf.keras.optimizers.legacy.SGD`.]
[2024-10-17 23:53:35,417: INFO: main: >>>>>> stage Prepare base model completed <<<<<<

x==========x]
[2024-10-17 23:53:35,418: INFO: main: *******************]
[2024-10-17 23:53:35,418: INFO: main: >>>>>> stage Training started <<<<<<]
[2024-10-17 23:53:35,420: INFO: common: yaml file: config/config.yaml loaded successfully]
[2024-10-17 23:53:35,422: INFO: common: yaml file: params.yaml loaded successfully]
[2024-10-17 23:53:35,422: INFO: common: created directory at: artifacts]
[2024-10-17 23:53:35,423: INFO: common: created directory at: artifacts/training]
[2024-10-17 23:54:52,476: INFO: main: >>>>>> stage Data Ingestion stage started <<<<<<]
[2024-10-17 23:54:52,478: INFO: common: yaml file: config/config.yaml loaded successfully]
[2024-10-17 23:54:52,479: INFO: common: yaml file: params.yaml loaded successfully]
[2024-10-17 23:54:52,479: INFO: common: created directory at: artifacts]
[2024-10-17 23:54:52,479: INFO: common: created directory at: artifacts/data_ingestion]
[2024-10-17 23:54:52,479: INFO: data_ingestion: Downloading data from https://drive.google.com/file/d/1MQbfVYHme05chu4E0TpnpDxMAcfoQYQa/view?usp=sharing into file artifacts/data_ingestion/data.zip]
[2024-10-18 00:00:42,748: WARNING: optimizer: At this time, the v2.11+ optimizer `tf.keras.optimizers.SGD` runs slowly on M1/M2 Macs, please use the legacy Keras optimizer instead, located at `tf.keras.optimizers.legacy.SGD`.]
[2024-10-18 00:00:42,753: WARNING: __init__: There is a known slowdown when using v2.11+ Keras optimizers on M1/M2 Macs. Falling back to the legacy Keras optimizer, i.e., `tf.keras.optimizers.legacy.SGD`.]
[2024-10-18 00:00:42,763: WARNING: hdf5_format: Error in loading the saved optimizer state. As a result, your model is starting with a freshly initialized optimizer.]
[2024-10-18 00:02:19,241: WARNING: optimizer: At this time, the v2.11+ optimizer `tf.keras.optimizers.SGD` runs slowly on M1/M2 Macs, please use the legacy Keras optimizer instead, located at `tf.keras.optimizers.legacy.SGD`.]
[2024-10-18 00:02:19,247: WARNING: __init__: There is a known slowdown when using v2.11+ Keras optimizers on M1/M2 Macs. Falling back to the legacy Keras optimizer, i.e., `tf.keras.optimizers.legacy.SGD`.]
[2024-10-18 00:02:19,256: WARNING: hdf5_format: Error in loading the saved optimizer state. As a result, your model is starting with a freshly initialized optimizer.]
[2024-10-18 00:02:37,572: INFO: main: >>>>>> stage Data Ingestion stage started <<<<<<]
[2024-10-18 00:02:37,574: INFO: common: yaml file: config/config.yaml loaded successfully]
[2024-10-18 00:02:37,575: INFO: common: yaml file: params.yaml loaded successfully]
[2024-10-18 00:02:37,575: INFO: common: created directory at: artifacts]
[2024-10-18 00:02:37,575: INFO: common: created directory at: artifacts/data_ingestion]
[2024-10-18 00:02:37,575: INFO: data_ingestion: Downloading data from https://drive.google.com/file/d/1MQbfVYHme05chu4E0TpnpDxMAcfoQYQa/view?usp=sharing into file artifacts/data_ingestion/data.zip]
[2024-10-18 00:04:05,003: INFO: data_ingestion: Downloaded data from https://drive.google.com/file/d/1MQbfVYHme05chu4E0TpnpDxMAcfoQYQa/view?usp=sharing into file artifacts/data_ingestion/data.zip]
[2024-10-18 00:04:16,426: INFO: main: >>>>>> stage Data Ingestion stage completed <<<<<<

x==========x]
[2024-10-18 00:04:16,427: INFO: main: *******************]
[2024-10-18 00:04:16,427: INFO: main: >>>>>> stage Prepare base model started <<<<<<]
[2024-10-18 00:04:16,431: INFO: common: yaml file: config/config.yaml loaded successfully]
[2024-10-18 00:04:16,432: INFO: common: yaml file: params.yaml loaded successfully]
[2024-10-18 00:04:16,433: INFO: common: created directory at: artifacts]
[2024-10-18 00:04:16,433: INFO: common: created directory at: artifacts/prepare_base_model]
[2024-10-18 00:04:16,886: WARNING: saving_utils: Compiled the loaded model, but the compiled metrics have yet to be built. `model.compile_metrics` will be empty until you train or evaluate the model.]
[2024-10-18 00:04:16,966: WARNING: optimizer: At this time, the v2.11+ optimizer `tf.keras.optimizers.SGD` runs slowly on M1/M2 Macs, please use the legacy Keras optimizer instead, located at `tf.keras.optimizers.legacy.SGD`.]
[2024-10-18 00:04:16,969: WARNING: __init__: There is a known slowdown when using v2.11+ Keras optimizers on M1/M2 Macs. Falling back to the legacy Keras optimizer, i.e., `tf.keras.optimizers.legacy.SGD`.]
[2024-10-18 00:04:17,022: INFO: main: >>>>>> stage Prepare base model completed <<<<<<

x==========x]
[2024-10-18 00:04:17,023: INFO: main: *******************]
[2024-10-18 00:04:17,023: INFO: main: >>>>>> stage Training started <<<<<<]
[2024-10-18 00:04:17,025: INFO: common: yaml file: config/config.yaml loaded successfully]
[2024-10-18 00:04:17,026: INFO: common: yaml file: params.yaml loaded successfully]
[2024-10-18 00:04:17,026: INFO: common: created directory at: artifacts]
[2024-10-18 00:04:17,026: INFO: common: created directory at: artifacts/training]
[2024-10-18 00:23:28,441: INFO: main: >>>>>> stage Training completed <<<<<<

x==========x]
[2024-10-18 00:23:28,443: INFO: main: *******************]
[2024-10-18 00:23:28,443: INFO: main: >>>>>> stage Evaluation stage started <<<<<<]
[2024-10-18 00:23:28,446: INFO: common: yaml file: config/config.yaml loaded successfully]
[2024-10-18 00:23:28,448: INFO: common: yaml file: params.yaml loaded successfully]
[2024-10-18 00:23:28,448: INFO: common: created directory at: artifacts]
[2024-10-18 00:23:28,650: ERROR: main: [Errno 2] No such file or directory: 'artifacts/data_ingestion/data']
Traceback (most recent call last):
  File "main.py", line 56, in <module>
    model_evalution.main()
  File "/Users/Stark0104/Desktop/Coding/ML PROJECT/Pneumonia-classification/src/cnnClassifier/pipeline/stage_04_model_evaluation.py", line 18, in main
    evaluation.evaluation()
  File "/Users/Stark0104/Desktop/Coding/ML PROJECT/Pneumonia-classification/src/cnnClassifier/components/model_evaluation_mlflow.py", line 47, in evaluation
    self._valid_generator()
  File "/Users/Stark0104/Desktop/Coding/ML PROJECT/Pneumonia-classification/src/cnnClassifier/components/model_evaluation_mlflow.py", line 32, in _valid_generator
    self.valid_generator = valid_datagenerator.flow_from_directory(
  File "/Users/Stark0104/miniforge3/envs/pneumonia/lib/python3.8/site-packages/keras/src/preprocessing/image.py", line 1648, in flow_from_directory
    return DirectoryIterator(
  File "/Users/Stark0104/miniforge3/envs/pneumonia/lib/python3.8/site-packages/keras/src/preprocessing/image.py", line 563, in __init__
    for subdir in sorted(os.listdir(directory)):
FileNotFoundError: [Errno 2] No such file or directory: 'artifacts/data_ingestion/data'
[2024-10-18 00:25:22,339: INFO: _internal: [31m[1mWARNING: This is a development server. Do not use it in a production deployment. Use a production WSGI server instead.[0m
 * Running on all addresses (0.0.0.0)
 * Running on http://127.0.0.1:8080
 * Running on http://192.168.1.3:8080]
[2024-10-18 00:25:22,339: INFO: _internal: [33mPress CTRL+C to quit[0m]
[2024-10-18 00:25:32,808: INFO: _internal: 127.0.0.1 - - [18/Oct/2024 00:25:32] "GET / HTTP/1.1" 200 -]
[2024-10-18 00:25:41,976: WARNING: optimizer: At this time, the v2.11+ optimizer `tf.keras.optimizers.SGD` runs slowly on M1/M2 Macs, please use the legacy Keras optimizer instead, located at `tf.keras.optimizers.legacy.SGD`.]
[2024-10-18 00:25:41,981: WARNING: __init__: There is a known slowdown when using v2.11+ Keras optimizers on M1/M2 Macs. Falling back to the legacy Keras optimizer, i.e., `tf.keras.optimizers.legacy.SGD`.]
[2024-10-18 00:25:41,992: WARNING: hdf5_format: Error in loading the saved optimizer state. As a result, your model is starting with a freshly initialized optimizer.]
[2024-10-18 00:25:42,390: INFO: _internal: 127.0.0.1 - - [18/Oct/2024 00:25:42] "POST /predict HTTP/1.1" 200 -]
[2024-10-18 00:25:50,242: WARNING: optimizer: At this time, the v2.11+ optimizer `tf.keras.optimizers.SGD` runs slowly on M1/M2 Macs, please use the legacy Keras optimizer instead, located at `tf.keras.optimizers.legacy.SGD`.]
[2024-10-18 00:25:50,245: WARNING: __init__: There is a known slowdown when using v2.11+ Keras optimizers on M1/M2 Macs. Falling back to the legacy Keras optimizer, i.e., `tf.keras.optimizers.legacy.SGD`.]
[2024-10-18 00:25:50,251: WARNING: hdf5_format: Error in loading the saved optimizer state. As a result, your model is starting with a freshly initialized optimizer.]
[2024-10-18 00:25:50,555: INFO: _internal: 127.0.0.1 - - [18/Oct/2024 00:25:50] "POST /predict HTTP/1.1" 200 -]
[2024-10-18 00:25:57,972: WARNING: optimizer: At this time, the v2.11+ optimizer `tf.keras.optimizers.SGD` runs slowly on M1/M2 Macs, please use the legacy Keras optimizer instead, located at `tf.keras.optimizers.legacy.SGD`.]
[2024-10-18 00:25:57,976: WARNING: __init__: There is a known slowdown when using v2.11+ Keras optimizers on M1/M2 Macs. Falling back to the legacy Keras optimizer, i.e., `tf.keras.optimizers.legacy.SGD`.]
[2024-10-18 00:25:57,981: WARNING: hdf5_format: Error in loading the saved optimizer state. As a result, your model is starting with a freshly initialized optimizer.]
[2024-10-18 00:25:58,244: INFO: _internal: 127.0.0.1 - - [18/Oct/2024 00:25:58] "POST /predict HTTP/1.1" 200 -]
[2024-10-18 00:26:05,593: WARNING: optimizer: At this time, the v2.11+ optimizer `tf.keras.optimizers.SGD` runs slowly on M1/M2 Macs, please use the legacy Keras optimizer instead, located at `tf.keras.optimizers.legacy.SGD`.]
[2024-10-18 00:26:05,596: WARNING: __init__: There is a known slowdown when using v2.11+ Keras optimizers on M1/M2 Macs. Falling back to the legacy Keras optimizer, i.e., `tf.keras.optimizers.legacy.SGD`.]
[2024-10-18 00:26:05,602: WARNING: hdf5_format: Error in loading the saved optimizer state. As a result, your model is starting with a freshly initialized optimizer.]
[2024-10-18 00:26:05,882: INFO: _internal: 127.0.0.1 - - [18/Oct/2024 00:26:05] "POST /predict HTTP/1.1" 200 -]
[2024-10-18 00:26:15,874: WARNING: optimizer: At this time, the v2.11+ optimizer `tf.keras.optimizers.SGD` runs slowly on M1/M2 Macs, please use the legacy Keras optimizer instead, located at `tf.keras.optimizers.legacy.SGD`.]
[2024-10-18 00:26:15,882: WARNING: __init__: There is a known slowdown when using v2.11+ Keras optimizers on M1/M2 Macs. Falling back to the legacy Keras optimizer, i.e., `tf.keras.optimizers.legacy.SGD`.]
[2024-10-18 00:26:15,894: WARNING: hdf5_format: Error in loading the saved optimizer state. As a result, your model is starting with a freshly initialized optimizer.]
[2024-10-18 00:26:16,310: WARNING: polymorphic_function: 5 out of the last 5 calls to <function Model.make_predict_function.<locals>.predict_function at 0x16faf8940> triggered tf.function retracing. Tracing is expensive and the excessive number of tracings could be due to (1) creating @tf.function repeatedly in a loop, (2) passing tensors with different shapes, (3) passing Python objects instead of tensors. For (1), please define your @tf.function outside of the loop. For (2), @tf.function has reduce_retracing=True option that can avoid unnecessary retracing. For (3), please refer to https://www.tensorflow.org/guide/function#controlling_retracing and https://www.tensorflow.org/api_docs/python/tf/function for  more details.]
[2024-10-18 00:26:16,313: INFO: _internal: 127.0.0.1 - - [18/Oct/2024 00:26:16] "POST /predict HTTP/1.1" 200 -]
[2024-10-18 00:26:24,065: WARNING: optimizer: At this time, the v2.11+ optimizer `tf.keras.optimizers.SGD` runs slowly on M1/M2 Macs, please use the legacy Keras optimizer instead, located at `tf.keras.optimizers.legacy.SGD`.]
[2024-10-18 00:26:24,068: WARNING: __init__: There is a known slowdown when using v2.11+ Keras optimizers on M1/M2 Macs. Falling back to the legacy Keras optimizer, i.e., `tf.keras.optimizers.legacy.SGD`.]
[2024-10-18 00:26:24,074: WARNING: hdf5_format: Error in loading the saved optimizer state. As a result, your model is starting with a freshly initialized optimizer.]
[2024-10-18 00:26:24,348: WARNING: polymorphic_function: 6 out of the last 6 calls to <function Model.make_predict_function.<locals>.predict_function at 0x1697be310> triggered tf.function retracing. Tracing is expensive and the excessive number of tracings could be due to (1) creating @tf.function repeatedly in a loop, (2) passing tensors with different shapes, (3) passing Python objects instead of tensors. For (1), please define your @tf.function outside of the loop. For (2), @tf.function has reduce_retracing=True option that can avoid unnecessary retracing. For (3), please refer to https://www.tensorflow.org/guide/function#controlling_retracing and https://www.tensorflow.org/api_docs/python/tf/function for  more details.]
[2024-10-18 00:26:24,350: INFO: _internal: 127.0.0.1 - - [18/Oct/2024 00:26:24] "POST /predict HTTP/1.1" 200 -]
[2024-10-18 00:26:32,127: WARNING: optimizer: At this time, the v2.11+ optimizer `tf.keras.optimizers.SGD` runs slowly on M1/M2 Macs, please use the legacy Keras optimizer instead, located at `tf.keras.optimizers.legacy.SGD`.]
[2024-10-18 00:26:32,131: WARNING: __init__: There is a known slowdown when using v2.11+ Keras optimizers on M1/M2 Macs. Falling back to the legacy Keras optimizer, i.e., `tf.keras.optimizers.legacy.SGD`.]
[2024-10-18 00:26:32,137: WARNING: hdf5_format: Error in loading the saved optimizer state. As a result, your model is starting with a freshly initialized optimizer.]
[2024-10-18 00:26:32,449: INFO: _internal: 127.0.0.1 - - [18/Oct/2024 00:26:32] "POST /predict HTTP/1.1" 200 -]
[2024-10-18 00:26:40,686: WARNING: optimizer: At this time, the v2.11+ optimizer `tf.keras.optimizers.SGD` runs slowly on M1/M2 Macs, please use the legacy Keras optimizer instead, located at `tf.keras.optimizers.legacy.SGD`.]
[2024-10-18 00:26:40,689: WARNING: __init__: There is a known slowdown when using v2.11+ Keras optimizers on M1/M2 Macs. Falling back to the legacy Keras optimizer, i.e., `tf.keras.optimizers.legacy.SGD`.]
[2024-10-18 00:26:40,695: WARNING: hdf5_format: Error in loading the saved optimizer state. As a result, your model is starting with a freshly initialized optimizer.]
[2024-10-18 00:26:40,964: INFO: _internal: 127.0.0.1 - - [18/Oct/2024 00:26:40] "POST /predict HTTP/1.1" 200 -]
[2024-10-18 00:26:48,798: WARNING: optimizer: At this time, the v2.11+ optimizer `tf.keras.optimizers.SGD` runs slowly on M1/M2 Macs, please use the legacy Keras optimizer instead, located at `tf.keras.optimizers.legacy.SGD`.]
[2024-10-18 00:26:48,802: WARNING: __init__: There is a known slowdown when using v2.11+ Keras optimizers on M1/M2 Macs. Falling back to the legacy Keras optimizer, i.e., `tf.keras.optimizers.legacy.SGD`.]
[2024-10-18 00:26:48,807: WARNING: hdf5_format: Error in loading the saved optimizer state. As a result, your model is starting with a freshly initialized optimizer.]
[2024-10-18 00:26:49,065: INFO: _internal: 127.0.0.1 - - [18/Oct/2024 00:26:49] "POST /predict HTTP/1.1" 200 -]
[2024-10-18 00:31:09,933: INFO: common: yaml file: config/config.yaml loaded successfully]
[2024-10-18 00:31:09,943: INFO: common: yaml file: params.yaml loaded successfully]
[2024-10-18 00:31:09,949: INFO: common: created directory at: artifacts]
[2024-10-18 00:35:39,878: WARNING: optimizer: At this time, the v2.11+ optimizer `tf.keras.optimizers.SGD` runs slowly on M1/M2 Macs, please use the legacy Keras optimizer instead, located at `tf.keras.optimizers.legacy.SGD`.]
[2024-10-18 00:35:39,890: WARNING: __init__: There is a known slowdown when using v2.11+ Keras optimizers on M1/M2 Macs. Falling back to the legacy Keras optimizer, i.e., `tf.keras.optimizers.legacy.SGD`.]
[2024-10-18 00:35:39,925: WARNING: hdf5_format: Error in loading the saved optimizer state. As a result, your model is starting with a freshly initialized optimizer.]
[2024-10-18 00:37:04,628: INFO: common: json file saved at: scores.json]
[2024-10-18 00:37:11,674: WARNING: optimizer: At this time, the v2.11+ optimizer `tf.keras.optimizers.SGD` runs slowly on M1/M2 Macs, please use the legacy Keras optimizer instead, located at `tf.keras.optimizers.legacy.SGD`.]
[2024-10-18 00:37:11,679: WARNING: __init__: There is a known slowdown when using v2.11+ Keras optimizers on M1/M2 Macs. Falling back to the legacy Keras optimizer, i.e., `tf.keras.optimizers.legacy.SGD`.]
[2024-10-18 00:37:11,689: WARNING: hdf5_format: Error in loading the saved optimizer state. As a result, your model is starting with a freshly initialized optimizer.]
[2024-10-18 00:38:29,607: WARNING: optimizer: At this time, the v2.11+ optimizer `tf.keras.optimizers.SGD` runs slowly on M1/M2 Macs, please use the legacy Keras optimizer instead, located at `tf.keras.optimizers.legacy.SGD`.]
[2024-10-18 00:38:29,612: WARNING: __init__: There is a known slowdown when using v2.11+ Keras optimizers on M1/M2 Macs. Falling back to the legacy Keras optimizer, i.e., `tf.keras.optimizers.legacy.SGD`.]
[2024-10-18 00:38:29,623: WARNING: hdf5_format: Error in loading the saved optimizer state. As a result, your model is starting with a freshly initialized optimizer.]
[2024-10-18 00:38:41,812: WARNING: optimizer: At this time, the v2.11+ optimizer `tf.keras.optimizers.SGD` runs slowly on M1/M2 Macs, please use the legacy Keras optimizer instead, located at `tf.keras.optimizers.legacy.SGD`.]
[2024-10-18 00:38:41,817: WARNING: __init__: There is a known slowdown when using v2.11+ Keras optimizers on M1/M2 Macs. Falling back to the legacy Keras optimizer, i.e., `tf.keras.optimizers.legacy.SGD`.]
[2024-10-18 00:38:41,826: WARNING: hdf5_format: Error in loading the saved optimizer state. As a result, your model is starting with a freshly initialized optimizer.]
